<?xml version="1.0" encoding="UTF-8"?>
<!-- Generated by org.testng.reporters.JUnitReportReporter -->
<testsuite hostname="DESKTOP-6DEA9QC" failures="0" tests="1" name="com.qa.fb.tests.LoginTest" time="33.697" errors="0" timestamp="2022-08-26T00:41:42 IST" skipped="0">
  <testcase classname="com.qa.fb.tests.LoginTest" name="loginTest" time="33.697"/>
  <system-out/>
</testsuite> <!-- com.qa.fb.tests.LoginTest -->
