<?xml version="1.0" encoding="UTF-8"?>
<!-- Generated by org.testng.reporters.JUnitReportReporter -->
<testsuite hostname="DESKTOP-6DEA9QC" failures="0" tests="1" name="com.qa.fb.tests.SignUpTest" time="27.047" errors="0" timestamp="2022-08-26T00:42:47 IST" skipped="0">
  <testcase classname="com.qa.fb.tests.SignUpTest" name="signUpTest" time="27.047"/>
  <system-out/>
</testsuite> <!-- com.qa.fb.tests.SignUpTest -->
